2026-06-02 17:41:44,168 [INFO] ============================================================
2026-06-02 17:41:44,168 [INFO] Geneformer CTC Classification — LoRA Fine-tuning
2026-06-02 17:41:44,168 [INFO] ============================================================
2026-06-02 17:41:44,168 [INFO] Device: cpu
2026-06-02 17:41:44,168 [INFO] Batch size: 16
2026-06-02 17:41:44,168 [INFO] Learning rate: 0.0001
2026-06-02 17:41:44,168 [INFO] Max epochs: 20
2026-06-02 17:41:44,168 [INFO] LoRA: r=8, alpha=16, dropout=0.1
2026-06-02 17:41:44,168 [INFO] Target modules: ['query', 'value']
2026-06-02 17:41:44,698 [INFO] Loading tokenized train split...
2026-06-02 17:41:44,703 [INFO] Loading h5ad for labels...
2026-06-02 17:41:45,007 [INFO]   train: 5920 CTC, 1888 non-CTC (75.8% CTC)
2026-06-02 17:41:45,017 [INFO] Loading tokenized val split...
2026-06-02 17:41:45,019 [INFO] Loading h5ad for labels...
2026-06-02 17:41:45,090 [INFO]   val: 1269 CTC, 405 non-CTC (75.8% CTC)
2026-06-02 17:41:45,094 [INFO] Loading tokenized test split...
2026-06-02 17:41:45,096 [INFO] Loading h5ad for labels...
2026-06-02 17:41:45,166 [INFO]   test: 1269 CTC, 405 non-CTC (75.8% CTC)
2026-06-02 17:41:45,227 [INFO] Class counts: [1888, 5920]
2026-06-02 17:41:45,228 [INFO] Class weights: [1.5163934426229508, 0.4836065573770492]
2026-06-02 17:41:45,229 [INFO] Loading Geneformer from /home/gabuf/.hermes/profiles/ml-engineer/home/.cache/huggingface/hub/models--ctheodoris--Geneformer/snapshots/04c2b2e84da7c0f385c3f9ad8f3ec24bab6650e5...
Some weights of BertModel were not initialized from the model checkpoint at /home/gabuf/.hermes/profiles/ml-engineer/home/.cache/huggingface/hub/models--ctheodoris--Geneformer/snapshots/04c2b2e84da7c0f385c3f9ad8f3ec24bab6650e5 and are newly initialized: ['pooler.dense.bias', 'pooler.dense.weight']
You should probably TRAIN this model on a down-stream task to be able to use it for predictions and inference.
2026-06-02 17:41:45,296 [INFO] Applying LoRA configuration...
trainable params: 663,552 || all params: 316,995,840 || trainable%: 0.2093
2026-06-02 17:41:46,308 [INFO] Trainable params: 959,234 / 317,291,522 (0.30%)
2026-06-02 17:41:46,311 [INFO] Total steps: 9760, warmup steps: 976
2026-06-02 17:41:46,312 [INFO] Starting training...
