2026-06-02 17:41:44,168 [INFO] ============================================================
2026-06-02 17:41:44,168 [INFO] Geneformer CTC Classification — LoRA Fine-tuning
2026-06-02 17:41:44,168 [INFO] ============================================================
2026-06-02 17:41:44,168 [INFO] Device: cpu
2026-06-02 17:41:44,168 [INFO] Batch size: 16
2026-06-02 17:41:44,168 [INFO] Learning rate: 0.0001
2026-06-02 17:41:44,168 [INFO] Max epochs: 20
2026-06-02 17:41:44,168 [INFO] LoRA: r=8, alpha=16, dropout=0.1
2026-06-02 17:41:44,168 [INFO] Target modules: ['query', 'value']
2026-06-02 17:41:44,698 [INFO] Loading tokenized train split...
2026-06-02 17:41:44,703 [INFO] Loading h5ad for labels...
2026-06-02 17:41:45,007 [INFO]   train: 5920 CTC, 1888 non-CTC (75.8% CTC)
2026-06-02 17:41:45,017 [INFO] Loading tokenized val split...
2026-06-02 17:41:45,019 [INFO] Loading h5ad for labels...
2026-06-02 17:41:45,090 [INFO]   val: 1269 CTC, 405 non-CTC (75.8% CTC)
2026-06-02 17:41:45,094 [INFO] Loading tokenized test split...
2026-06-02 17:41:45,096 [INFO] Loading h5ad for labels...
2026-06-02 17:41:45,166 [INFO]   test: 1269 CTC, 405 non-CTC (75.8% CTC)
2026-06-02 17:41:45,227 [INFO] Class counts: [1888, 5920]
2026-06-02 17:41:45,228 [INFO] Class weights: [1.5163934426229508, 0.4836065573770492]
2026-06-02 17:41:45,229 [INFO] Loading Geneformer from /home/gabuf/.hermes/profiles/ml-engineer/home/.cache/huggingface/hub/models--ctheodoris--Geneformer/snapshots/04c2b2e84da7c0f385c3f9ad8f3ec24bab6650e5...
2026-06-02 17:41:45,296 [INFO] Applying LoRA configuration...
2026-06-02 17:41:46,308 [INFO] Trainable params: 959,234 / 317,291,522 (0.30%)
2026-06-02 17:41:46,311 [INFO] Total steps: 9760, warmup steps: 976
2026-06-02 17:41:46,312 [INFO] Starting training...
2026-06-02 17:49:28,933 [INFO] ============================================================
2026-06-02 17:49:28,933 [INFO] Geneformer CTC Classification — LoRA Fine-tuning
2026-06-02 17:49:28,933 [INFO] ============================================================
2026-06-02 17:49:28,934 [INFO] Device: cpu
2026-06-02 17:49:28,934 [INFO] Batch size: 4 (accumulate 4x = effective 16)
2026-06-02 17:49:28,934 [INFO] Learning rate: 0.0001
2026-06-02 17:49:28,934 [INFO] Max epochs: 20
2026-06-02 17:49:28,934 [INFO] LoRA: r=8, alpha=16, dropout=0.1
2026-06-02 17:49:28,934 [INFO] Loading h5ad obs (backed mode) for labels...
2026-06-02 17:49:29,885 [INFO] adata: 11156 cells x 7637 genes
2026-06-02 17:49:29,885 [INFO] Loading tokenized train split...
2026-06-02 17:49:29,917 [INFO]   train: 5920 CTC (1), 1888 non-CTC (0 — 24.2% minority)
2026-06-02 17:49:29,926 [INFO] Loading tokenized val split...
2026-06-02 17:49:29,936 [INFO]   val: 1269 CTC (1), 405 non-CTC (0 — 24.2% minority)
2026-06-02 17:49:29,939 [INFO] Loading tokenized test split...
2026-06-02 17:49:29,950 [INFO]   test: 1269 CTC (1), 405 non-CTC (0 — 24.2% minority)
2026-06-02 17:49:30,010 [INFO] Class counts: [1888, 5920]
2026-06-02 17:49:30,010 [INFO] Class weights: [1.5163934426229508, 0.4836065573770492]
2026-06-02 17:49:30,206 [INFO] Train batches/epoch: 1952
2026-06-02 17:49:30,206 [INFO] Loading Geneformer from cache: /home/gabuf/.hermes/profiles/ml-engineer/home/.cache/huggingface/hub/models--ctheodoris--Geneformer/snapshots/04c2b2e84da7c0f385c3f9ad8f3ec24bab6650e5
2026-06-02 17:49:30,206 [INFO] Model size on disk: ~1.2GB (V2-316M). Loading to cpu...
2026-06-02 17:49:30,376 [INFO] Base model loaded. Type: BertModel
2026-06-02 17:49:30,376 [INFO] Applying LoRA configuration...
2026-06-02 17:49:31,816 [INFO] Trainable: 959,234 | Frozen: 316,332,288 (0.30%)
2026-06-02 17:49:31,819 [INFO] Steps/epoch: 488, total: 9760, warmup: 976
2026-06-02 17:49:31,819 [INFO] Starting training loop...
